/home/dev/.cache/go-build
├── 00
├── 01
├── 02
├── 03
├── 04
├── 05
├── 06
│   └── 06a879e1cd3cb8a55c780c8eb1eb4ffb14debdfc5d51ee6a847d22420903611b-d
├── 07
├── 08
├── 09
│   └── 095d1c931cfce6285cecf4a76c68dfff378f166d5bebd34477793b71fdd40f1a-a
├── 0a
├── 0b
├── 0c
├── 0d
├── 0e
├── 0f
├── 10
├── 11
├── 12
├── 13
├── 14
├── 15
├── 16
│   └── 16f635cecc8118c2c3b86efd15bab0b4cb1e46617d78e507747869e598e2a39d-d
├── 17
├── 18
├── 19
├── 1a
├── 1b
├── 1c
├── 1d
├── 1e
├── 1f
├── 20
├── 21
├── 22
├── 23
├── 24
├── 25
├── 26
├── 27
├── 28
├── 29
├── 2a
├── 2b
├── 2c
├── 2d
├── 2e
├── 2f
├── 30
├── 31
├── 32
├── 33
├── 34
│   └── 3496160b072e04949d636659285f1230c0c40a619de7f577f88dde8e21ab97da-a
├── 35
├── 36
├── 37
├── 38
│   └── 38b7b3d9fc3cd7a07cbdc1e116db026c6f108d80dd3ce5e03ab9e29d9ad02624-a
├── 39
├── 3a
├── 3b
├── 3c
├── 3d
├── 3e
├── 3f
├── 40
├── 41
├── 42
├── 43
├── 44
├── 45
│   └── 45847758bc49cd33fa381c289a00b28f7ead1d4e89e0fecc6a533faebb3e19ec-a
├── 46
├── 47
├── 48
│   └── 488f59492c5d2acb89df6f7dd4adeb489e794f4c7f4b7099b1ce8bfd4bb76555-d
├── 49
├── 4a
├── 4b
├── 4c
├── 4d
├── 4e
├── 4f
├── 50
├── 51
├── 52
├── 53
├── 54
├── 55
│   └── 55ef1a816eac80f355339975c5513a90b80a64cac5c29c0acb52ec363ae31cc7-a
├── 56
├── 57
│   └── 57c68890b7248a58f3b5bbc657d708b9de1853b55998fe276fddd9c6c23ee74e-a
├── 58
├── 59
├── 5a
├── 5b
├── 5c
├── 5d
├── 5e
├── 5f
├── 60
├── 61
├── 62
├── 63
├── 64
│   └── 647ac62b23a0acc8862dd3dadc1ed8d73553d2dd054cf397432b96068e8e4aa8-a
├── 65
├── 66
├── 67
├── 68
├── 69
├── 6a
├── 6b
├── 6c
├── 6d
├── 6e
├── 6f
├── 70
├── 71
├── 72
├── 73
├── 74
├── 75
├── 76
│   └── 769e177e9d31b7f416769feda813d42ba70902b4396344d6b62fde17f485c41f-a
├── 77
├── 78
├── 79
├── 7a
├── 7b
├── 7c
├── 7d
├── 7e
├── 7f
├── 80
├── 81
├── 82
├── 83
│   └── 83b8e77c9934f053f954fb380489c41113debd09f08085acbffcc6c08c3374b0-d
├── 84
├── 85
├── 86
├── 87
│   └── 87727da3d5297cd9fd31881a33cc5ca10fc5e2da24be34c7cf1e9be5576dcc5d-d
├── 88
├── 89
├── 8a
├── 8b
├── 8c
├── 8d
├── 8e
├── 8f
├── 90
│   └── 9073852d214418c732be9dadc125543b83436fda3e546c1adf5e92029eaf3160-a
├── 91
├── 92
├── 93
├── 94
├── 95
├── 96
├── 97
├── 98
├── 99
├── 9a
├── 9b
├── 9c
├── 9d
├── 9e
├── 9f
├── README
├── a0
├── a1
├── a2
├── a3
├── a4
├── a5
├── a6
├── a7
├── a8
├── a9
├── aa
├── ab
├── ac
├── ad
├── ae
├── af
├── b0
├── b1
├── b2
├── b3
├── b4
│   └── b43b2d77ea660c0dfc8e3e0e36d3a11b8455fd1c9a12d99f734d0511f2568fed-a
├── b5
├── b6
├── b7
├── b8
├── b9
├── ba
├── bb
├── bc
├── bd
├── be
├── bf
├── c0
├── c1
├── c2
├── c3
│   └── c3d0ee077fd9f8dca34cbecd51f7459a206b2dcb3ea4c26da366174124b35e48-a
├── c4
├── c5
├── c6
├── c7
├── c8
├── c9
├── ca
├── cb
├── cc
├── cd
├── ce
├── cf
├── d0
├── d1
├── d2
├── d3
├── d4
├── d5
├── d6
├── d7
├── d8
├── d9
├── da
├── db
├── dc
├── dd
├── de
├── df
├── e0
├── e1
├── e2
├── e3
│   └── e3b0c44298fc1c149afbf4c8996fb92427ae41e4649b934ca495991b7852b855-d
├── e4
├── e5
├── e6
├── e7
├── e8
├── e9
├── ea
├── eb
├── ec
├── ed
│   └── ed61c7d9d139318c02be0aa4623a11b3aff0a3a4d13de74feb43ff6a6cd40bc7-a
├── ee
├── ef
├── f0
│   └── f002e0001b12ef52f5641d83711e34b0d8bbbe944e7d5a26b875c42dbfebc1fe-a
├── f1
├── f2
├── f3
├── f4
│   └── f4aac041f00358faa7ed011478807b2feaf90de30faf9652d5fb0f9398cf9f26-d
├── f5
├── f6
├── f7
├── f8
├── f9
├── fa
├── fb
├── fc
├── fd
├── fe
├── ff
├── log.txt
├── testexpire.txt
└── trim.txt

256 directories, 24 files
